<?xml version="1.0" encoding="UTF-8"?>
<testng-results skipped="0" failed="0" ignored="0" total="1" passed="1">
  <reporter-output>
  </reporter-output>
  <suite name="Default suite" duration-ms="35756" started-at="2018-09-01T11:46:33Z" finished-at="2018-09-01T11:47:09Z">
    <groups>
    </groups>
    <test name="Default test" duration-ms="35756" started-at="2018-09-01T11:46:33Z" finished-at="2018-09-01T11:47:09Z">
      <class name="tests.selenium.TC001_CreateIncidentUsingRestAndVerifyUsingSelenium">
        <test-method status="PASS" signature="beforeSuite()[pri:0, instance:tests.selenium.TC001_CreateIncidentUsingRestAndVerifyUsingSelenium@6325a3ee]" name="beforeSuite" is-config="true" duration-ms="724" started-at="2018-09-01T11:46:32Z" finished-at="2018-09-01T11:46:33Z">
          <reporter-output>
          </reporter-output>
        </test-method> <!-- beforeSuite -->
        <test-method status="PASS" signature="setValues()[pri:0, instance:tests.selenium.TC001_CreateIncidentUsingRestAndVerifyUsingSelenium@6325a3ee]" name="setValues" is-config="true" duration-ms="0" started-at="2018-09-01T11:46:33Z" finished-at="2018-09-01T11:46:33Z">
          <reporter-output>
          </reporter-output>
        </test-method> <!-- setValues -->
        <test-method status="PASS" signature="beforeClass()[pri:0, instance:tests.selenium.TC001_CreateIncidentUsingRestAndVerifyUsingSelenium@6325a3ee]" name="beforeClass" is-config="true" duration-ms="0" started-at="2018-09-01T11:46:33Z" finished-at="2018-09-01T11:46:33Z">
          <reporter-output>
          </reporter-output>
        </test-method> <!-- beforeClass -->
        <test-method status="PASS" signature="beforeMethod()[pri:0, instance:tests.selenium.TC001_CreateIncidentUsingRestAndVerifyUsingSelenium@6325a3ee]" name="beforeMethod" is-config="true" duration-ms="12988" started-at="2018-09-01T11:46:33Z" finished-at="2018-09-01T11:46:46Z">
          <reporter-output>
          </reporter-output>
        </test-method> <!-- beforeMethod -->
        <test-method status="PASS" signature="createIncident(java.lang.String, java.lang.String)[pri:0, instance:tests.selenium.TC001_CreateIncidentUsingRestAndVerifyUsingSelenium@6325a3ee]" name="createIncident" duration-ms="20002" started-at="2018-09-01T11:46:46Z" data-provider="fetchData" finished-at="2018-09-01T11:47:06Z">
          <params>
            <param index="0">
              <value>
                <![CDATA[admin]]>
              </value>
            </param>
            <param index="1">
              <value>
                <![CDATA[Tuna@123]]>
              </value>
            </param>
          </params>
          <reporter-output>
          </reporter-output>
        </test-method> <!-- createIncident -->
        <test-method status="PASS" signature="afterMethod()[pri:0, instance:tests.selenium.TC001_CreateIncidentUsingRestAndVerifyUsingSelenium@6325a3ee]" name="afterMethod" is-config="true" duration-ms="2132" started-at="2018-09-01T11:47:06Z" finished-at="2018-09-01T11:47:09Z">
          <reporter-output>
          </reporter-output>
        </test-method> <!-- afterMethod -->
        <test-method status="PASS" signature="afterSuite()[pri:0, instance:tests.selenium.TC001_CreateIncidentUsingRestAndVerifyUsingSelenium@6325a3ee]" name="afterSuite" is-config="true" duration-ms="362" started-at="2018-09-01T11:47:09Z" finished-at="2018-09-01T11:47:09Z">
          <reporter-output>
          </reporter-output>
        </test-method> <!-- afterSuite -->
      </class> <!-- tests.selenium.TC001_CreateIncidentUsingRestAndVerifyUsingSelenium -->
    </test> <!-- Default test -->
  </suite> <!-- Default suite -->
</testng-results>
